222222222222222222222222222222222222222222200 |   42.324977ms | 127.0.0.1       | GET     /metrics 
200 |    5.678132ms | 127.0.0.1       | GET     /metrics 
200 |    66.90327ms | 127.0.0.1       | GET     /get 
200 |  109.619271ms | ::1             | GET     /get 
404 |      17.321µs | ::1             | GET     /favicon.ico 
200 |   26.633017ms | ::1             | GET     /get 
200 |   17.270693ms | ::1             | GET     /get 
200 |   18.756365ms | ::1             | GET     /get 
200 |   17.531856ms | ::1             | GET     /get 
200 |    8.302985ms | ::1             | GET     /get 
200 |   19.047474ms | ::1             | GET     /get 
200 |   15.981928ms | ::1             | GET     /get 
200 |   31.016633ms | ::1             | GET     /get 
200 |   17.263827ms | ::1             | GET     /get 
200 |   17.636052ms | ::1             | GET     /get 
200 |   17.731517ms | ::1             | GET     /get 
200 |   20.354649ms | ::1             | GET     /get 
200 |   19.544073ms | ::1             | GET     /get 
200 |    8.158774ms | ::1             | GET     /get 
200 |   74.487994ms | ::1             | GET     /get 
200 |   20.964118ms | ::1             | GET     /get 
200 |   21.963032ms | ::1             | GET     /get 
200 |   13.991913ms | ::1             | GET     /get 
200 |   19.100151ms | ::1             | GET     /get 
200 |   25.816949ms | ::1             | GET     /get 
200 |   48.654049ms | ::1             | GET     /get 
200 |   22.459629ms | ::1             | GET     /get 
200 |   11.335675ms | ::1             | GET     /get 
200 |   19.013428ms | ::1             | GET     /get 
200 |   56.699635ms | ::1             | GET     /get 
200 |   19.047777ms | ::1             | GET     /get 
200 |   15.167098ms | ::1             | GET     /get 
200 |   18.517658ms | ::1             | GET     /get 
200 |    9.003597ms | ::1             | GET     /get 
200 |   21.356459ms | ::1             | GET     /get 
